# JRE version: OpenJDK Runtime Environment (21.0.6) (build 21.0.6+-13368085-b895.109)
# Java VM: OpenJDK 64-Bit Server VM (21.0.6+-13368085-b895.109, mixed mode, tiered, compressed oops, compressed class ptrs, g1 gc, windows-amd64)
GC Precious Log:
 CardTable entry size: 512
 Card Set container configuration: InlinePtr #cards 5 size 8 Array Of Cards #cards 12 size 40 Howl #buckets 4 coarsen threshold 1843 Howl Bitmap #cards 512 size 80 coarsen threshold 460 Card regions per heap region 1 cards per card region 2048
 CPUs: 4 total, 4 available
 Memory: 8067M
 Large Page Support: Disabled
 NUMA Support: Disabled
 Compressed Oops: Enabled (32-bit)
 Heap Region Size: 1M
 Heap Min Capacity: 8M
 Heap Initial Capacity: 128M
 Heap Max Capacity: 2018M
 Pre-touch: Disabled
 Parallel Workers: 4
 Concurrent Workers: 1
 Concurrent Refinement Workers: 4
 Periodic GC: Disabled
Heap:
 garbage-first heap   total 224256K, used 149621K [0x0000000081e00000, 0x0000000100000000)
  region size 1024K, 24 young (24576K), 7 survivors (7168K)
 Metaspace       used 96746K, committed 97152K, reserved 1179648K
  class space    used 9702K, committed 9856K, reserved 1048576K
GC Heap History (20 events):
Event: 14.823 GC heap before
{Heap before GC invocations=29 (full 0):
 garbage-first heap   total 157696K, used 133113K [0x0000000081e00000, 0x0000000100000000)
  region size 1024K, 53 young (54272K), 5 survivors (5120K)
 Metaspace       used 70394K, committed 70720K, reserved 1114112K
  class space    used 7588K, committed 7744K, reserved 1048576K
}
Event: 14.847 GC heap after
{Heap after GC invocations=30 (full 0):
 garbage-first heap   total 157696K, used 93184K [0x0000000081e00000, 0x0000000100000000)
  region size 1024K, 7 young (7168K), 7 survivors (7168K)
 Metaspace       used 70394K, committed 70720K, reserved 1114112K
  class space    used 7588K, committed 7744K, reserved 1048576K
}
Event: 16.062 GC heap before
{Heap before GC invocations=30 (full 0):
 garbage-first heap   total 157696K, used 136192K [0x0000000081e00000, 0x0000000100000000)
  region size 1024K, 49 young (50176K), 7 survivors (7168K)
 Metaspace       used 73928K, committed 74240K, reserved 1179648K
  class space    used 7895K, committed 8000K, reserved 1048576K
}
Event: 16.085 GC heap after
{Heap after GC invocations=31 (full 0):
 garbage-first heap   total 157696K, used 99840K [0x0000000081e00000, 0x0000000100000000)
  region size 1024K, 7 young (7168K), 7 survivors (7168K)
 Metaspace       used 73928K, committed 74240K, reserved 1179648K
  class space    used 7895K, committed 8000K, reserved 1048576K
}
Event: 17.090 GC heap before
{Heap before GC invocations=31 (full 0):
 garbage-first heap   total 157696K, used 138752K [0x0000000081e00000, 0x0000000100000000)
  region size 1024K, 45 young (46080K), 7 survivors (7168K)
 Metaspace       used 77855K, committed 78208K, reserved 1179648K
  class space    used 8226K, committed 8384K, reserved 1048576K
}
Event: 17.112 GC heap after
{Heap after GC invocations=32 (full 0):
 garbage-first heap   total 157696K, used 106496K [0x0000000081e00000, 0x0000000100000000)
  region size 1024K, 6 young (6144K), 6 survivors (6144K)
 Metaspace       used 77855K, committed 78208K, reserved 1179648K
  class space    used 8226K, committed 8384K, reserved 1048576K
}
Event: 18.260 GC heap before
{Heap before GC invocations=33 (full 0):
 garbage-first heap   total 178176K, used 141312K [0x0000000081e00000, 0x0000000100000000)
  region size 1024K, 40 young (40960K), 6 survivors (6144K)
 Metaspace       used 78653K, committed 79040K, reserved 1179648K
  class space    used 8294K, committed 8448K, reserved 1048576K
}
Event: 18.278 GC heap after
{Heap after GC invocations=34 (full 0):
 garbage-first heap   total 178176K, used 115034K [0x0000000081e00000, 0x0000000100000000)
  region size 1024K, 5 young (5120K), 5 survivors (5120K)
 Metaspace       used 78653K, committed 79040K, reserved 1179648K
  class space    used 8294K, committed 8448K, reserved 1048576K
}
Event: 19.424 GC heap before
{Heap before GC invocations=34 (full 0):
 garbage-first heap   total 178176K, used 155994K [0x0000000081e00000, 0x0000000100000000)
  region size 1024K, 45 young (46080K), 5 survivors (5120K)
 Metaspace       used 83310K, committed 83712K, reserved 1179648K
  class space    used 8741K, committed 8896K, reserved 1048576K
}
Event: 19.438 GC heap after
{Heap after GC invocations=35 (full 0):
 garbage-first heap   total 178176K, used 118585K [0x0000000081e00000, 0x0000000100000000)
  region size 1024K, 4 young (4096K), 4 survivors (4096K)
 Metaspace       used 83310K, committed 83712K, reserved 1179648K
  class space    used 8741K, committed 8896K, reserved 1048576K
}
Event: 21.212 GC heap before
{Heap before GC invocations=35 (full 0):
 garbage-first heap   total 178176K, used 158521K [0x0000000081e00000, 0x0000000100000000)
  region size 1024K, 43 young (44032K), 4 survivors (4096K)
 Metaspace       used 89177K, committed 89536K, reserved 1179648K
  class space    used 9194K, committed 9344K, reserved 1048576K
}
Event: 21.224 GC heap after
{Heap after GC invocations=36 (full 0):
 garbage-first heap   total 178176K, used 122819K [0x0000000081e00000, 0x0000000100000000)
  region size 1024K, 4 young (4096K), 4 survivors (4096K)
 Metaspace       used 89177K, committed 89536K, reserved 1179648K
  class space    used 9194K, committed 9344K, reserved 1048576K
}
Event: 23.230 GC heap before
{Heap before GC invocations=37 (full 0):
 garbage-first heap   total 204800K, used 161731K [0x0000000081e00000, 0x0000000100000000)
  region size 1024K, 42 young (43008K), 4 survivors (4096K)
 Metaspace       used 94510K, committed 94976K, reserved 1179648K
  class space    used 9611K, committed 9792K, reserved 1048576K
}
Event: 23.244 GC heap after
{Heap after GC invocations=38 (full 0):
 garbage-first heap   total 204800K, used 125677K [0x0000000081e00000, 0x0000000100000000)
  region size 1024K, 3 young (3072K), 3 survivors (3072K)
 Metaspace       used 94510K, committed 94976K, reserved 1179648K
  class space    used 9611K, committed 9792K, reserved 1048576K
}
Event: 28.041 GC heap before
{Heap before GC invocations=38 (full 0):
 garbage-first heap   total 204800K, used 183021K [0x0000000081e00000, 0x0000000100000000)
  region size 1024K, 59 young (60416K), 3 survivors (3072K)
 Metaspace       used 95686K, committed 96064K, reserved 1179648K
  class space    used 9634K, committed 9792K, reserved 1048576K
}
Event: 28.062 GC heap after
{Heap after GC invocations=39 (full 0):
 garbage-first heap   total 204800K, used 129155K [0x0000000081e00000, 0x0000000100000000)
  region size 1024K, 7 young (7168K), 7 survivors (7168K)
 Metaspace       used 95686K, committed 96064K, reserved 1179648K
  class space    used 9634K, committed 9792K, reserved 1048576K
}
Event: 29.233 GC heap before
{Heap before GC invocations=39 (full 0):
 garbage-first heap   total 204800K, used 184451K [0x0000000081e00000, 0x0000000100000000)
  region size 1024K, 61 young (62464K), 7 survivors (7168K)
 Metaspace       used 96421K, committed 96832K, reserved 1179648K
  class space    used 9682K, committed 9856K, reserved 1048576K
}
Event: 29.243 GC heap after
{Heap after GC invocations=40 (full 0):
 garbage-first heap   total 204800K, used 129368K [0x0000000081e00000, 0x0000000100000000)
  region size 1024K, 6 young (6144K), 6 survivors (6144K)
 Metaspace       used 96421K, committed 96832K, reserved 1179648K
  class space    used 9682K, committed 9856K, reserved 1048576K
}
Event: 29.936 GC heap before
{Heap before GC invocations=40 (full 0):
 garbage-first heap   total 204800K, used 187736K [0x0000000081e00000, 0x0000000100000000)
  region size 1024K, 63 young (64512K), 6 survivors (6144K)
 Metaspace       used 96636K, committed 97024K, reserved 1179648K
  class space    used 9696K, committed 9856K, reserved 1048576K
}
Event: 29.944 GC heap after
{Heap after GC invocations=41 (full 0):
 garbage-first heap   total 204800K, used 133237K [0x0000000081e00000, 0x0000000100000000)
  region size 1024K, 7 young (7168K), 7 survivors (7168K)
 Metaspace       used 96636K, committed 97024K, reserved 1179648K
  class space    used 9696K, committed 9856K, reserved 1048576K
}

